This is pdfTeX, Version 3.141592653-2.6-1.40.26 (MiKTeX 24.4) (preloaded format=pdflatex 2024.7.28)  4 AUG 2024 01:18
entering extended mode
 restricted \write18 enabled.
 file:line:error style messages enabled.
 %&-line parsing enabled.
**"f:/Github/AWR-tutrial-notes/AWR tutrial.tex"
(f:/Github/AWR-tutrial-notes/AWR tutrial.tex
LaTeX2e <2024-06-01> patch level 2
L3 programming layer <2024-05-27>
(C:\Program Files\MiKTeX\tex/latex/base\article.cls
Document Class: article 2024/02/08 v1.4n Standard LaTeX document class
(C:\Program Files\MiKTeX\tex/latex/base\size10.clo
File: size10.clo 2024/02/08 v1.4n Standard LaTeX file (size option)
)
\c@part=\count194
\c@section=\count195
\c@subsection=\count196
\c@subsubsection=\count197
\c@paragraph=\count198
\c@subparagraph=\count199
\c@figure=\count266
\c@table=\count267
\abovecaptionskip=\skip49
\belowcaptionskip=\skip50
\bibindent=\dimen141
) (C:\Program Files\MiKTeX\tex/latex/base\inputenc.sty
Package: inputenc 2024/02/08 v1.3d Input encoding file
\inpenc@prehook=\toks17
\inpenc@posthook=\toks18
) (C:\Program Files\MiKTeX\tex/latex/amsmath\amsmath.sty
Package: amsmath 2024/05/23 v2.17q AMS math features
\@mathmargin=\skip51

For additional information on amsmath, use the `?' option.
(C:\Program Files\MiKTeX\tex/latex/amsmath\amstext.sty
Package: amstext 2021/08/26 v2.01 AMS text
 (C:\Program Files\MiKTeX\tex/latex/amsmath\amsgen.sty
File: amsgen.sty 1999/11/30 v2.0 generic functions
\@emptytoks=\toks19
\ex@=\dimen142
)) (C:\Program Files\MiKTeX\tex/latex/amsmath\amsbsy.sty
Package: amsbsy 1999/11/29 v1.2d Bold Symbols
\pmbraise@=\dimen143
) (C:\Program Files\MiKTeX\tex/latex/amsmath\amsopn.sty
Package: amsopn 2022/04/08 v2.04 operator names
)
\inf@bad=\count268
LaTeX Info: Redefining \frac on input line 233.
\uproot@=\count269
\leftroot@=\count270
LaTeX Info: Redefining \overline on input line 398.
LaTeX Info: Redefining \colon on input line 409.
\classnum@=\count271
\DOTSCASE@=\count272
LaTeX Info: Redefining \ldots on input line 495.
LaTeX Info: Redefining \dots on input line 498.
LaTeX Info: Redefining \cdots on input line 619.
\Mathstrutbox@=\box52
\strutbox@=\box53
LaTeX Info: Redefining \big on input line 721.
LaTeX Info: Redefining \Big on input line 722.
LaTeX Info: Redefining \bigg on input line 723.
LaTeX Info: Redefining \Bigg on input line 724.
\big@size=\dimen144
LaTeX Font Info:    Redeclaring font encoding OML on input line 742.
LaTeX Font Info:    Redeclaring font encoding OMS on input line 743.
\macc@depth=\count273
LaTeX Info: Redefining \bmod on input line 904.
LaTeX Info: Redefining \pmod on input line 909.
LaTeX Info: Redefining \smash on input line 939.
LaTeX Info: Redefining \relbar on input line 969.
LaTeX Info: Redefining \Relbar on input line 970.
\c@MaxMatrixCols=\count274
\dotsspace@=\muskip17
\c@parentequation=\count275
\dspbrk@lvl=\count276
\tag@help=\toks20
\row@=\count277
\column@=\count278
\maxfields@=\count279
\andhelp@=\toks21
\eqnshift@=\dimen145
\alignsep@=\dimen146
\tagshift@=\dimen147
\tagwidth@=\dimen148
\totwidth@=\dimen149
\lineht@=\dimen150
\@envbody=\toks22
\multlinegap=\skip52
\multlinetaggap=\skip53
\mathdisplay@stack=\toks23
LaTeX Info: Redefining \[ on input line 2953.
LaTeX Info: Redefining \] on input line 2954.
) (C:\Program Files\MiKTeX\tex/latex/graphics\graphicx.sty
Package: graphicx 2021/09/16 v1.2d Enhanced LaTeX Graphics (DPC,SPQR)
 (C:\Program Files\MiKTeX\tex/latex/graphics\keyval.sty
Package: keyval 2022/05/29 v1.15 key=value parser (DPC)
\KV@toks@=\toks24
) (C:\Program Files\MiKTeX\tex/latex/graphics\graphics.sty
Package: graphics 2024/05/23 v1.4g Standard LaTeX Graphics (DPC,SPQR)
 (C:\Program Files\MiKTeX\tex/latex/graphics\trig.sty
Package: trig 2023/12/02 v1.11 sin cos tan (DPC)
) (C:\Program Files\MiKTeX\tex/latex/graphics-cfg\graphics.cfg
File: graphics.cfg 2016/06/04 v1.11 sample graphics configuration
)
Package graphics Info: Driver file: pdftex.def on input line 106.
 (C:\Program Files\MiKTeX\tex/latex/graphics-def\pdftex.def
File: pdftex.def 2024/04/13 v1.2c Graphics/color driver for pdftex
))
\Gin@req@height=\dimen151
\Gin@req@width=\dimen152
) (C:\Program Files\MiKTeX\tex/latex/hyperref\hyperref.sty
Package: hyperref 2024-07-10 v7.01j Hypertext links for LaTeX
 (C:\Program Files\MiKTeX\tex/generic/iftex\iftex.sty
Package: iftex 2022/02/03 v1.0f TeX engine tests
) (C:\Users\Hamed\AppData\Roaming\MiKTeX\tex/latex/kvsetkeys\kvsetkeys.sty
Package: kvsetkeys 2022-10-05 v1.19 Key value parser (HO)
) (C:\Users\Hamed\AppData\Roaming\MiKTeX\tex/generic/kvdefinekeys\kvdefinekeys.sty
Package: kvdefinekeys 2019-12-19 v1.6 Define keys (HO)
) (C:\Users\Hamed\AppData\Roaming\MiKTeX\tex/generic/pdfescape\pdfescape.sty
Package: pdfescape 2019/12/09 v1.15 Implements pdfTeX's escape features (HO)
 (C:\Users\Hamed\AppData\Roaming\MiKTeX\tex/generic/ltxcmds\ltxcmds.sty
Package: ltxcmds 2023-12-04 v1.26 LaTeX kernel commands for general use (HO)
) (C:\Program Files\MiKTeX\tex/generic/pdftexcmds\pdftexcmds.sty
Package: pdftexcmds 2020-06-27 v0.33 Utility functions of pdfTeX for LuaTeX (HO)
 (C:\Users\Hamed\AppData\Roaming\MiKTeX\tex/generic/infwarerr\infwarerr.sty
Package: infwarerr 2019/12/03 v1.5 Providing info/warning/error messages (HO)
)
Package pdftexcmds Info: \pdf@primitive is available.
Package pdftexcmds Info: \pdf@ifprimitive is available.
Package pdftexcmds Info: \pdfdraftmode found.
)) (C:\Users\Hamed\AppData\Roaming\MiKTeX\tex/latex/hycolor\hycolor.sty
Package: hycolor 2020-01-27 v1.10 Color options for hyperref/bookmark (HO)
) (C:\Program Files\MiKTeX\tex/latex/hyperref\nameref.sty
Package: nameref 2023-11-26 v2.56 Cross-referencing by name of section
 (C:\Users\Hamed\AppData\Roaming\MiKTeX\tex/latex/refcount\refcount.sty
Package: refcount 2019/12/15 v3.6 Data extraction from label references (HO)
) (C:\Users\Hamed\AppData\Roaming\MiKTeX\tex/generic/gettitlestring\gettitlestring.sty
Package: gettitlestring 2019/12/15 v1.6 Cleanup title references (HO)
 (C:\Users\Hamed\AppData\Roaming\MiKTeX\tex/latex/kvoptions\kvoptions.sty
Package: kvoptions 2022-06-15 v3.15 Key value format for package options (HO)
))
\c@section@level=\count280
) (C:\Program Files\MiKTeX\tex/latex/etoolbox\etoolbox.sty
Package: etoolbox 2020/10/05 v2.5k e-TeX tools for LaTeX (JAW)
\etb@tempcnta=\count281
) (C:\Users\Hamed\AppData\Roaming\MiKTeX\tex/generic/stringenc\stringenc.sty
Package: stringenc 2019/11/29 v1.12 Convert strings between diff. encodings (HO)
)
\@linkdim=\dimen153
\Hy@linkcounter=\count282
\Hy@pagecounter=\count283
 (C:\Program Files\MiKTeX\tex/latex/hyperref\pd1enc.def
File: pd1enc.def 2024-07-10 v7.01j Hyperref: PDFDocEncoding definition (HO)
Now handling font encoding PD1 ...
... no UTF-8 mapping file for font encoding PD1
) (C:\Users\Hamed\AppData\Roaming\MiKTeX\tex/generic/intcalc\intcalc.sty
Package: intcalc 2019/12/15 v1.3 Expandable calculations with integers (HO)
)
\Hy@SavedSpaceFactor=\count284
 (C:\Program Files\MiKTeX\tex/latex/hyperref\puenc.def
File: puenc.def 2024-07-10 v7.01j Hyperref: PDF Unicode definition (HO)
Now handling font encoding PU ...
... no UTF-8 mapping file for font encoding PU
)
Package hyperref Info: Hyper figures OFF on input line 4157.
Package hyperref Info: Link nesting OFF on input line 4162.
Package hyperref Info: Hyper index ON on input line 4165.
Package hyperref Info: Plain pages OFF on input line 4172.
Package hyperref Info: Backreferencing OFF on input line 4177.
Package hyperref Info: Implicit mode ON; LaTeX internals redefined.
Package hyperref Info: Bookmarks ON on input line 4424.
\c@Hy@tempcnt=\count285
 (C:\Program Files\MiKTeX\tex/latex/url\url.sty
\Urlmuskip=\muskip18
Package: url 2013/09/16  ver 3.4  Verb mode for urls, etc.
)
LaTeX Info: Redefining \url on input line 4763.
\XeTeXLinkMargin=\dimen154
 (C:\Users\Hamed\AppData\Roaming\MiKTeX\tex/generic/bitset\bitset.sty
Package: bitset 2019/12/09 v1.3 Handle bit-vector datatype (HO)
 (C:\Users\Hamed\AppData\Roaming\MiKTeX\tex/generic/bigintcalc\bigintcalc.sty
Package: bigintcalc 2019/12/15 v1.5 Expandable calculations on big integers (HO)
))
\Fld@menulength=\count286
\Field@Width=\dimen155
\Fld@charsize=\dimen156
Package hyperref Info: Hyper figures OFF on input line 6042.
Package hyperref Info: Link nesting OFF on input line 6047.
Package hyperref Info: Hyper index ON on input line 6050.
Package hyperref Info: backreferencing OFF on input line 6057.
Package hyperref Info: Link coloring OFF on input line 6062.
Package hyperref Info: Link coloring with OCG OFF on input line 6067.
Package hyperref Info: PDF/A mode OFF on input line 6072.
 (C:\Program Files\MiKTeX\tex/latex/base\atbegshi-ltx.sty
Package: atbegshi-ltx 2021/01/10 v1.0c Emulation of the original atbegshi
package with kernel methods
)
\Hy@abspage=\count287
\c@Item=\count288
\c@Hfootnote=\count289
)
Package hyperref Info: Driver (autodetected): hpdftex.
 (C:\Program Files\MiKTeX\tex/latex/hyperref\hpdftex.def
File: hpdftex.def 2024-07-10 v7.01j Hyperref driver for pdfTeX
 (C:\Program Files\MiKTeX\tex/latex/base\atveryend-ltx.sty
Package: atveryend-ltx 2020/08/19 v1.0a Emulation of the original atveryend package
with kernel methods
)
\Fld@listcount=\count290
\c@bookmark@seq@number=\count291
 (C:\Users\Hamed\AppData\Roaming\MiKTeX\tex/latex/rerunfilecheck\rerunfilecheck.sty
Package: rerunfilecheck 2022-07-10 v1.10 Rerun checks for auxiliary files (HO)
 (C:\Users\Hamed\AppData\Roaming\MiKTeX\tex/generic/uniquecounter\uniquecounter.sty
Package: uniquecounter 2019/12/15 v1.4 Provide unlimited unique counter (HO)
)
Package uniquecounter Info: New unique counter `rerunfilecheck' on input line 285.
)
\Hy@SectionHShift=\skip54
) (C:\Users\Hamed\AppData\Roaming\MiKTeX\tex/latex/geometry\geometry.sty
Package: geometry 2020/01/02 v5.9 Page Geometry
 (C:\Program Files\MiKTeX\tex/generic/iftex\ifvtex.sty
Package: ifvtex 2019/10/25 v1.7 ifvtex legacy package. Use iftex instead.
)
\Gm@cnth=\count292
\Gm@cntv=\count293
\c@Gm@tempcnt=\count294
\Gm@bindingoffset=\dimen157
\Gm@wd@mp=\dimen158
\Gm@odd@mp=\dimen159
\Gm@even@mp=\dimen160
\Gm@layoutwidth=\dimen161
\Gm@layoutheight=\dimen162
\Gm@layouthoffset=\dimen163
\Gm@layoutvoffset=\dimen164
\Gm@dimlist=\toks25
 (C:\Users\Hamed\AppData\Roaming\MiKTeX\tex/latex/geometry\geometry.cfg)) (C:\Users\Hamed\AppData\Roaming\MiKTeX\tex/latex/cite\cite.sty
LaTeX Info: Redefining \cite on input line 302.
LaTeX Info: Redefining \nocite on input line 332.
Package: cite 2015/02/27  v 5.5
) (C:\Program Files\MiKTeX\tex/latex/base\fontenc.sty
Package: fontenc 2021/04/29 v2.0v Standard LaTeX package
) (C:\Program Files\MiKTeX\tex/generic/babel\babel.sty
Package: babel 2024/06/26 v24.7 The Babel package
\babel@savecnt=\count295
\U@D=\dimen165
\l@unhyphenated=\language79
 (C:\Program Files\MiKTeX\tex/generic/babel\txtbabel.def)
\bbl@readstream=\read2
\bbl@dirlevel=\count296

*************************************
* Local config file bblopts.cfg used
*
(C:\Program Files\MiKTeX\tex/latex/arabi\bblopts.cfg
File: bblopts.cfg 2005/09/08 v0.1 add Arabic and Farsi to "declared" options of babel
) (C:\Program Files\MiKTeX\tex/latex/babel-english\english.ldf
Language: english 2017/06/06 v3.3r English support from the babel system
Package babel Info: Hyphen rules for 'canadian' set to \l@english
(babel)             (\language0). Reported on input line 102.
Package babel Info: Hyphen rules for 'australian' set to \l@ukenglish
(babel)             (\language73). Reported on input line 105.
Package babel Info: Hyphen rules for 'newzealand' set to \l@ukenglish
(babel)             (\language73). Reported on input line 108.
)) (C:\Program Files\MiKTeX\tex/generic/babel/locale/en\babel-english.tex
Package babel Info: Importing font and identification data for english
(babel)             from babel-en.ini. Reported on input line 11.
) (C:\Program Files\MiKTeX\tex/latex/lm\lmodern.sty
Package: lmodern 2015/05/01 v1.6.1 Latin Modern Fonts
LaTeX Font Info:    Overwriting symbol font `operators' in version `normal'
(Font)                  OT1/cmr/m/n --> OT1/lmr/m/n on input line 22.
LaTeX Font Info:    Overwriting symbol font `letters' in version `normal'
(Font)                  OML/cmm/m/it --> OML/lmm/m/it on input line 23.
LaTeX Font Info:    Overwriting symbol font `symbols' in version `normal'
(Font)                  OMS/cmsy/m/n --> OMS/lmsy/m/n on input line 24.
LaTeX Font Info:    Overwriting symbol font `largesymbols' in version `normal'
(Font)                  OMX/cmex/m/n --> OMX/lmex/m/n on input line 25.
LaTeX Font Info:    Overwriting symbol font `operators' in version `bold'
(Font)                  OT1/cmr/bx/n --> OT1/lmr/bx/n on input line 26.
LaTeX Font Info:    Overwriting symbol font `letters' in version `bold'
(Font)                  OML/cmm/b/it --> OML/lmm/b/it on input line 27.
LaTeX Font Info:    Overwriting symbol font `symbols' in version `bold'
(Font)                  OMS/cmsy/b/n --> OMS/lmsy/b/n on input line 28.
LaTeX Font Info:    Overwriting symbol font `largesymbols' in version `bold'
(Font)                  OMX/cmex/m/n --> OMX/lmex/m/n on input line 29.
LaTeX Font Info:    Overwriting math alphabet `\mathbf' in version `normal'
(Font)                  OT1/cmr/bx/n --> OT1/lmr/bx/n on input line 31.
LaTeX Font Info:    Overwriting math alphabet `\mathsf' in version `normal'
(Font)                  OT1/cmss/m/n --> OT1/lmss/m/n on input line 32.
LaTeX Font Info:    Overwriting math alphabet `\mathit' in version `normal'
(Font)                  OT1/cmr/m/it --> OT1/lmr/m/it on input line 33.
LaTeX Font Info:    Overwriting math alphabet `\mathtt' in version `normal'
(Font)                  OT1/cmtt/m/n --> OT1/lmtt/m/n on input line 34.
LaTeX Font Info:    Overwriting math alphabet `\mathbf' in version `bold'
(Font)                  OT1/cmr/bx/n --> OT1/lmr/bx/n on input line 35.
LaTeX Font Info:    Overwriting math alphabet `\mathsf' in version `bold'
(Font)                  OT1/cmss/bx/n --> OT1/lmss/bx/n on input line 36.
LaTeX Font Info:    Overwriting math alphabet `\mathit' in version `bold'
(Font)                  OT1/cmr/bx/it --> OT1/lmr/bx/it on input line 37.
LaTeX Font Info:    Overwriting math alphabet `\mathtt' in version `bold'
(Font)                  OT1/cmtt/m/n --> OT1/lmtt/m/n on input line 38.
) (C:\Program Files\MiKTeX\tex/latex/graphics\color.sty
Package: color 2024/01/14 v1.3d Standard LaTeX Color (DPC)
 (C:\Program Files\MiKTeX\tex/latex/graphics-cfg\color.cfg
File: color.cfg 2016/01/02 v1.6 sample color configuration
)
Package color Info: Driver file: pdftex.def on input line 149.
 (C:\Program Files\MiKTeX\tex/latex/graphics\mathcolor.ltx)) (C:\Users\Hamed\AppData\Roaming\MiKTeX\tex/latex/caption\subcaption.sty
Package: subcaption 2023/07/28 v1.6b Sub-captions (AR)
 (C:\Users\Hamed\AppData\Roaming\MiKTeX\tex/latex/caption\caption.sty
Package: caption 2023/08/05 v3.6o Customizing captions (AR)
 (C:\Users\Hamed\AppData\Roaming\MiKTeX\tex/latex/caption\caption3.sty
Package: caption3 2023/07/31 v2.4d caption3 kernel (AR)
\caption@tempdima=\dimen166
\captionmargin=\dimen167
\caption@leftmargin=\dimen168
\caption@rightmargin=\dimen169
\caption@width=\dimen170
\caption@indent=\dimen171
\caption@parindent=\dimen172
\caption@hangindent=\dimen173
Package caption Info: Standard document class detected.
)
\c@caption@flags=\count297
\c@continuedfloat=\count298
Package caption Info: hyperref package is loaded.
)
Package caption Info: New subtype `subfigure' on input line 238.
\c@subfigure=\count299
Package caption Info: New subtype `subtable' on input line 238.
\c@subtable=\count300
) (C:\Users\Hamed\AppData\Roaming\MiKTeX\tex/latex/float\float.sty
Package: float 2001/11/08 v1.3d Float enhancements (AL)
\c@float@type=\count301
\float@exts=\toks26
\float@box=\box54
\@float@everytoks=\toks27
\@floatcapt=\box55
) (C:\Users\Hamed\AppData\Roaming\MiKTeX\tex/latex/cleveref\cleveref.sty
Package: cleveref 2018/03/27 v0.21.4 Intelligent cross-referencing
Package cleveref Info: `hyperref' support loaded on input line 2370.
LaTeX Info: Redefining \cref on input line 2370.
LaTeX Info: Redefining \Cref on input line 2370.
LaTeX Info: Redefining \crefrange on input line 2370.
LaTeX Info: Redefining \Crefrange on input line 2370.
LaTeX Info: Redefining \cpageref on input line 2370.
LaTeX Info: Redefining \Cpageref on input line 2370.
LaTeX Info: Redefining \cpagerefrange on input line 2370.
LaTeX Info: Redefining \Cpagerefrange on input line 2370.
LaTeX Info: Redefining \labelcref on input line 2370.
LaTeX Info: Redefining \labelcpageref on input line 2370.
)
LaTeX Font Info:    Trying to load font information for T1+lmr on input line 29.
 (C:\Program Files\MiKTeX\tex/latex/lm\t1lmr.fd
File: t1lmr.fd 2015/05/01 v1.6.1 Font defs for Latin Modern
) (C:\Program Files\MiKTeX\tex/latex/l3backend\l3backend-pdftex.def
File: l3backend-pdftex.def 2024-05-08 L3 backend support: PDF output (pdfTeX)
\l__color_backend_stack_int=\count302
\l__pdf_internal_box=\box56
) (AWR tutrial.aux

LaTeX Warning: Label `stability3' multiply defined.


LaTeX Warning: Label `stability3@cref' multiply defined.


LaTeX Warning: Label `stability5' multiply defined.


LaTeX Warning: Label `stability5@cref' multiply defined.


LaTeX Warning: Label `stability5' multiply defined.


LaTeX Warning: Label `stability5@cref' multiply defined.


LaTeX Warning: Label `stability5' multiply defined.


LaTeX Warning: Label `stability5@cref' multiply defined.


LaTeX Warning: Label `stability5' multiply defined.


LaTeX Warning: Label `stability5@cref' multiply defined.


LaTeX Warning: Label `stability5' multiply defined.


LaTeX Warning: Label `stability5@cref' multiply defined.

)
\openout1 = `"AWR tutrial.aux"'.

LaTeX Font Info:    Checking defaults for OML/cmm/m/it on input line 29.
LaTeX Font Info:    ... okay on input line 29.
LaTeX Font Info:    Checking defaults for OMS/cmsy/m/n on input line 29.
LaTeX Font Info:    ... okay on input line 29.
LaTeX Font Info:    Checking defaults for OT1/cmr/m/n on input line 29.
LaTeX Font Info:    ... okay on input line 29.
LaTeX Font Info:    Checking defaults for T1/cmr/m/n on input line 29.
LaTeX Font Info:    ... okay on input line 29.
LaTeX Font Info:    Checking defaults for TS1/cmr/m/n on input line 29.
LaTeX Font Info:    ... okay on input line 29.
LaTeX Font Info:    Checking defaults for OMX/cmex/m/n on input line 29.
LaTeX Font Info:    ... okay on input line 29.
LaTeX Font Info:    Checking defaults for U/cmr/m/n on input line 29.
LaTeX Font Info:    ... okay on input line 29.
LaTeX Font Info:    Checking defaults for PD1/pdf/m/n on input line 29.
LaTeX Font Info:    ... okay on input line 29.
LaTeX Font Info:    Checking defaults for PU/pdf/m/n on input line 29.
LaTeX Font Info:    ... okay on input line 29.
 (C:\Program Files\MiKTeX\tex/context/base/mkii\supp-pdf.mkii
[Loading MPS to PDF converter (version 2006.09.02).]
\scratchcounter=\count303
\scratchdimen=\dimen174
\scratchbox=\box57
\nofMPsegments=\count304
\nofMParguments=\count305
\everyMPshowfont=\toks28
\MPscratchCnt=\count306
\MPscratchDim=\dimen175
\MPnumerator=\count307
\makeMPintoPDFobject=\count308
\everyMPtoPDFconversion=\toks29
) (C:\Program Files\MiKTeX\tex/latex/epstopdf-pkg\epstopdf-base.sty
Package: epstopdf-base 2020-01-24 v2.11 Base part for package epstopdf
Package epstopdf-base Info: Redefining graphics rule for `.eps' on input line 485.
 (C:\Program Files\MiKTeX\tex/latex/00miktex\epstopdf-sys.cfg
File: epstopdf-sys.cfg 2021/03/18 v2.0 Configuration of epstopdf for MiKTeX
))
Package hyperref Info: Link coloring OFF on input line 29.
 (AWR tutrial.out) (AWR tutrial.out)
\@outlinefile=\write3
\openout3 = `"AWR tutrial.out"'.


*geometry* driver: auto-detecting
*geometry* detected driver: pdftex
*geometry* verbose mode - [ preamble ] result:
* driver: pdftex
* paper: a4paper
* layout: <same size as paper>
* layoutoffset:(h,v)=(0.0pt,0.0pt)
* modes: 
* h-part:(L,W,R)=(72.26999pt, 452.9679pt, 72.26999pt)
* v-part:(T,H,B)=(72.26999pt, 700.50687pt, 72.26999pt)
* \paperwidth=597.50787pt
* \paperheight=845.04684pt
* \textwidth=452.9679pt
* \textheight=700.50687pt
* \oddsidemargin=0.0pt
* \evensidemargin=0.0pt
* \topmargin=-37.0pt
* \headheight=12.0pt
* \headsep=25.0pt
* \topskip=10.0pt
* \footskip=30.0pt
* \marginparwidth=65.0pt
* \marginparsep=11.0pt
* \columnsep=10.0pt
* \skip\footins=9.0pt plus 4.0pt minus 2.0pt
* \hoffset=0.0pt
* \voffset=0.0pt
* \mag=1000
* \@twocolumnfalse
* \@twosidefalse
* \@mparswitchfalse
* \@reversemarginfalse
* (1in=72.27pt=25.4mm, 1cm=28.453pt)

Package caption Info: Begin \AtBeginDocument code.
Package caption Info: float package is loaded.
Package caption Info: End \AtBeginDocument code.
LaTeX Font Info:    Trying to load font information for OT1+lmr on input line 32.
(C:\Program Files\MiKTeX\tex/latex/lm\ot1lmr.fd
File: ot1lmr.fd 2015/05/01 v1.6.1 Font defs for Latin Modern
)
LaTeX Font Info:    Trying to load font information for OML+lmm on input line 32.
 (C:\Program Files\MiKTeX\tex/latex/lm\omllmm.fd
File: omllmm.fd 2015/05/01 v1.6.1 Font defs for Latin Modern
)
LaTeX Font Info:    Trying to load font information for OMS+lmsy on input line 32.
 (C:\Program Files\MiKTeX\tex/latex/lm\omslmsy.fd
File: omslmsy.fd 2015/05/01 v1.6.1 Font defs for Latin Modern
)
LaTeX Font Info:    Trying to load font information for OMX+lmex on input line 32.
 (C:\Program Files\MiKTeX\tex/latex/lm\omxlmex.fd
File: omxlmex.fd 2015/05/01 v1.6.1 Font defs for Latin Modern
)
LaTeX Font Info:    External font `lmex10' loaded for size
(Font)              <12> on input line 32.
LaTeX Font Info:    External font `lmex10' loaded for size
(Font)              <8> on input line 32.
LaTeX Font Info:    External font `lmex10' loaded for size
(Font)              <6> on input line 32.
 (AWR tutrial.toc
LaTeX Font Info:    External font `lmex10' loaded for size
(Font)              <10> on input line 4.
LaTeX Font Info:    External font `lmex10' loaded for size
(Font)              <7> on input line 4.
LaTeX Font Info:    External font `lmex10' loaded for size
(Font)              <5> on input line 4.

Overfull \hbox (33.21498pt too wide) in paragraph at lines 6--6
 [] [][]\T1/lmr/bx/n/10 From github (https://github.com/aliruveycan/Maximum-Earnings-using-AWR-Microwave- 
 []

)
\tf@toc=\write4
\openout4 = `"AWR tutrial.toc"'.

LaTeX Font Info:    Trying to load font information for TS1+lmr on input line 49.
 (C:\Program Files\MiKTeX\tex/latex/lm\ts1lmr.fd
File: ts1lmr.fd 2015/05/01 v1.6.1 Font defs for Latin Modern
)
LaTeX Font Info:    Trying to load font information for T1+lmtt on input line 49.
 (C:\Program Files\MiKTeX\tex/latex/lm\t1lmtt.fd
File: t1lmtt.fd 2015/05/01 v1.6.1 Font defs for Latin Modern
)

LaTeX Warning: Citation `paper_2' on page 1 undefined on input line 50.



[1

{C:/Users/Hamed/AppData/Local/MiKTeX/fonts/map/pdftex/pdftex.map}{C:/Program Files/MiKTeX/fonts/enc/dvips/lm/lm-ec.enc}{C:/Program Files/MiKTeX/fonts/enc/dvips/lm/lm-ts1.enc}]

[2{C:/Program Files/MiKTeX/fonts/enc/dvips/lm/lm-mathit.enc}]

[3{C:/Program Files/MiKTeX/fonts/enc/dvips/lm/lm-rm.enc}]
Overfull \hbox (44.88725pt too wide) in paragraph at lines 142--142
[]\T1/lmr/bx/n/14.4 From github (https://github.com/aliruveycan/Maximum-Earnings-
 []


Overfull \hbox (47.07068pt too wide) in paragraph at lines 142--142
\T1/lmr/bx/n/14.4 using-AWR-Microwave-Office-Amplifier-Design-and-Simulation.git) 
 []

f:/Github/AWR-tutrial-notes/AWR tutrial.tex:172: You can't use `macro parameter character #' in horizontal mode.
l.172 #
       
Sorry, but I'm not programmed to handle this case;
I'll just pretend that you didn't ask for it.
If you're in the wrong mode, you might be able to
return to the right one by typing `I}' or `I$' or `I\par'.



[4]
f:/Github/AWR-tutrial-notes/AWR tutrial.tex:280: Missing $ inserted.
<inserted text> 
                $
l.280 ...umbers are written now interms of \Lambda
                                                  .
I've inserted a begin-math/end-math symbol since I think
you left one out. Proceed, with fingers crossed.

f:/Github/AWR-tutrial-notes/AWR tutrial.tex:281: Missing $ inserted.
<inserted text> 
                $
l.281 
      
I've inserted a begin-math/end-math symbol since I think
you left one out. Proceed, with fingers crossed.



[5]
f:/Github/AWR-tutrial-notes/AWR tutrial.tex:307: Missing $ inserted.
<inserted text> 
                $
l.307 from element chose V_
                           meter and also I meter
I've inserted a begin-math/end-math symbol since I think
you left one out. Proceed, with fingers crossed.

f:/Github/AWR-tutrial-notes/AWR tutrial.tex:310: Missing $ inserted.
<inserted text> 
                $
l.310 
      
I've inserted a begin-math/end-math symbol since I think
you left one out. Proceed, with fingers crossed.


Overfull \hbox (292.59883pt too wide) in paragraph at lines 303--310
\T1/lmr/m/n/10 ter or I me-ter from el-e-ment chose V$[]\OML/lmm/m/it/10 eterandalsoImeterImeteronseriesafterportandvmeteronshunt:fromthegraphrectanglethenNonlineargraphsthenvoltagethenvtime:$ 
 []



[6]

[7]
f:/Github/AWR-tutrial-notes/AWR tutrial.tex:389: You can't use `macro parameter character #' in horizontal mode.
l.389 ...ectly means the capacitor are inside it.#
                                                  
Sorry, but I'm not programmed to handle this case;
I'll just pretend that you didn't ask for it.
If you're in the wrong mode, you might be able to
return to the right one by typing `I}' or `I$' or `I\par'.



[8]
<figures/stability 1.png, id=104, 904.1278pt x 350.81062pt>
File: figures/stability 1.png Graphic file (type png)
<use figures/stability 1.png>
Package pdftex.def Info: figures/stability 1.png  used on input line 436.
(pdftex.def)             Requested size: 362.37569pt x 140.60545pt.
<figures/stability 2.png, id=106, 738.50906pt x 425.33907pt>
File: figures/stability 2.png Graphic file (type png)
<use figures/stability 2.png>
Package pdftex.def Info: figures/stability 2.png  used on input line 443.
(pdftex.def)             Requested size: 362.37569pt x 208.70352pt.
<figures/stability 3.png, id=107, 992.95969pt x 534.49687pt>
File: figures/stability 3.png Graphic file (type png)
<use figures/stability 3.png>
Package pdftex.def Info: figures/stability 3.png  used on input line 451.
(pdftex.def)             Requested size: 362.37569pt x 195.06119pt.


[9 <./figures/stability 1.png> <./figures/stability 2.png>]
<figures/stability 4.png, id=116, 631.60968pt x 480.29437pt>
File: figures/stability 4.png Graphic file (type png)
<use figures/stability 4.png>
Package pdftex.def Info: figures/stability 4.png  used on input line 459.
(pdftex.def)             Requested size: 362.37569pt x 275.56615pt.
<figures/stability 5.png, id=117, 858.95906pt x 511.15968pt>
File: figures/stability 5.png Graphic file (type png)
<use figures/stability 5.png>
Package pdftex.def Info: figures/stability 5.png  used on input line 468.
(pdftex.def)             Requested size: 362.37569pt x 215.64494pt.
<figures/stability 5.pdf, id=118, 845.04686pt x 597.50786pt>
File: figures/stability 5.pdf Graphic file (type pdf)
<use figures/stability 5.pdf>
Package pdftex.def Info: figures/stability 5.pdf  used on input line 474.
(pdftex.def)             Requested size: 362.37569pt x 256.22134pt.


[10 <./figures/stability 3.png> <./figures/stability 4.png>]
<figures/stability 7.pdf, id=127, 833.36337pt x 528.58551pt>
File: figures/stability 7.pdf Graphic file (type pdf)
<use figures/stability 7.pdf>
Package pdftex.def Info: figures/stability 7.pdf  used on input line 482.
(pdftex.def)             Requested size: 362.37569pt x 229.85217pt.


[11 <./figures/stability 5.png> <./figures/stability 5.pdf>]
<figures/stability 8.pdf, id=142, 833.36337pt x 528.58551pt>
File: figures/stability 8.pdf Graphic file (type pdf)
<use figures/stability 8.pdf>
Package pdftex.def Info: figures/stability 8.pdf  used on input line 490.
(pdftex.def)             Requested size: 362.37569pt x 229.85217pt.
<figures/stability 9.pdf, id=143, 833.36337pt x 528.58551pt>
File: figures/stability 9.pdf Graphic file (type pdf)
<use figures/stability 9.pdf>
Package pdftex.def Info: figures/stability 9.pdf  used on input line 497.
(pdftex.def)             Requested size: 362.37569pt x 229.85217pt.


[12 <./figures/stability 7.pdf> <./figures/stability 8.pdf

pdfTeX warning: pdflatex (file ./figures/stability 8.pdf): PDF inclusion: multiple pdfs with page group included in a single page
>]

LaTeX Warning: File `figures/stability 10.pdf' not found on input line 504.


f:/Github/AWR-tutrial-notes/AWR tutrial.tex:504: Package pdftex.def Error: File `figures/stability 10.pdf' not found: using draft setting.

See the pdftex.def package documentation for explanation.
Type  H <return>  for immediate help.
 ...                                              
                                                  
l.504 ...=0.8\textwidth]{figures/stability 10.pdf}
                                                  
Try typing  <return>  to proceed.
If that doesn't work, type  X <return>  to quit.

<figures/SimV1.pdf, id=170, 845.04686pt x 597.50786pt>
File: figures/SimV1.pdf Graphic file (type pdf)
<use figures/SimV1.pdf>
Package pdftex.def Info: figures/SimV1.pdf  used on input line 522.
(pdftex.def)             Requested size: 362.37569pt x 256.22134pt.


[13 <./figures/stability 9.pdf>]
f:/Github/AWR-tutrial-notes/AWR tutrial.tex:532: Missing $ inserted.
<inserted text> 
                $
l.532     \item stability ba K and delta  or SCIR_
                                                  IJ(1,2) and SCIR_IJ(2,1) o...
I've inserted a begin-math/end-math symbol since I think
you left one out. Proceed, with fingers crossed.

f:/Github/AWR-tutrial-notes/AWR tutrial.tex:533: Missing $ inserted.
<inserted text> 
                $
l.533 
      
I've inserted a begin-math/end-math symbol since I think
you left one out. Proceed, with fingers crossed.

f:/Github/AWR-tutrial-notes/AWR tutrial.tex:533: Missing } inserted.
<inserted text> 
                }
l.533 
      
I've inserted something that you may have forgotten.
(See the <inserted text> above.)
With luck, this will get me unwedged. But if you
really didn't forget anything, try typing `2' now; then
my insertion and my current dilemma will both disappear.


Overfull \hbox (287.12982pt too wide) in paragraph at lines 532--533
[]\T1/lmr/m/n/10 stability ba K and delta or SCIR$[]\OML/lmm/m/it/10 J\OT1/lmr/m/n/10 (1\OML/lmm/m/it/10 ; \OT1/lmr/m/n/10 2)\OML/lmm/m/it/10 andSCIR[]J\OT1/lmr/m/n/10 (2\OML/lmm/m/it/10 ; \OT1/lmr/m/n/10 1)\OML/lmm/m/it/10 onsmithtobesurethatallcirclesoutsidethesmithmeansunconditionalstable:thekasonthepdffileonmylaptop:[]$ 
 []

f:/Github/AWR-tutrial-notes/AWR tutrial.tex:533: Extra }, or forgotten \endgroup.
\par ...m \@noitemerr {\@@par }\fi \else {\@@par }
                                                  \fi 
l.533 
      
I've deleted a group-closing symbol because it seems to be
spurious, as in `$x}$'. But perhaps the } is legitimate and
you forgot something else, as in `\hbox{$x}'. In such cases
the way to recover is to insert both the forgotten and the
deleted material, e.g., by typing `I$}'.

<figures/stability00.pdf, id=189, 833.36337pt x 528.58551pt>
File: figures/stability00.pdf Graphic file (type pdf)
<use figures/stability00.pdf>
Package pdftex.def Info: figures/stability00.pdf  used on input line 559.
(pdftex.def)             Requested size: 362.37569pt x 229.85217pt.
<figures/stability01.pdf, id=190, 833.36337pt x 528.58551pt>
File: figures/stability01.pdf Graphic file (type pdf)
<use figures/stability01.pdf>
Package pdftex.def Info: figures/stability01.pdf  used on input line 565.
(pdftex.def)             Requested size: 362.37569pt x 229.85217pt.


[14 <./figures/SimV1.pdf>]

[15 <./figures/stability00.pdf> <./figures/stability01.pdf

pdfTeX warning: pdflatex (file ./figures/stability01.pdf): PDF inclusion: multiple pdfs with page group included in a single page
>]
<figures/Bias0.pdf, id=222, 833.36337pt x 528.58551pt>
File: figures/Bias0.pdf Graphic file (type pdf)
<use figures/Bias0.pdf>
Package pdftex.def Info: figures/Bias0.pdf  used on input line 587.
(pdftex.def)             Requested size: 362.37569pt x 229.85217pt.


LaTeX Warning: File `figures/Matching0.pdf' not found on input line 601.


f:/Github/AWR-tutrial-notes/AWR tutrial.tex:601: Package pdftex.def Error: File `figures/Matching0.pdf' not found: using draft setting.

See the pdftex.def package documentation for explanation.
Type  H <return>  for immediate help.
 ...                                              
                                                  
l.601 ...dth=0.8\textwidth]{figures/Matching0.pdf}
                                                  
Try typing  <return>  to proceed.
If that doesn't work, type  X <return>  to quit.



[16 <./figures/Bias0.pdf>]
<figures/Matching1.pdf, id=237, 833.36337pt x 528.58551pt>
File: figures/Matching1.pdf Graphic file (type pdf)
<use figures/Matching1.pdf>
Package pdftex.def Info: figures/Matching1.pdf  used on input line 609.
(pdftex.def)             Requested size: 362.37569pt x 229.85217pt.


[17 <./figures/Matching1.pdf>]
<figures/Anurug rf6_1.pdf, id=250, 845.04686pt x 597.50786pt>
File: figures/Anurug rf6_1.pdf Graphic file (type pdf)
<use figures/Anurug rf6_1.pdf>
Package pdftex.def Info: figures/Anurug rf6_1.pdf  used on input line 643.
(pdftex.def)             Requested size: 362.37569pt x 256.22134pt.


[18 <./figures/Anurug rf6_1.pdf>]
<figures/Anurug rf6_2.pdf, id=264, 845.04686pt x 597.50786pt>
File: figures/Anurug rf6_2.pdf Graphic file (type pdf)
<use figures/Anurug rf6_2.pdf>
Package pdftex.def Info: figures/Anurug rf6_2.pdf  used on input line 672.
(pdftex.def)             Requested size: 362.37569pt x 256.22134pt.
<figures/Anurug rf6_3.pdf, id=266, 845.04686pt x 597.50786pt>
File: figures/Anurug rf6_3.pdf Graphic file (type pdf)
<use figures/Anurug rf6_3.pdf>
Package pdftex.def Info: figures/Anurug rf6_3.pdf  used on input line 689.
(pdftex.def)             Requested size: 362.37569pt x 256.22134pt.


[19{C:/Program Files/MiKTeX/fonts/enc/dvips/lm/lm-mathsy.enc} <./figures/Anurug rf6_2.pdf>]
<figures/Anurug rf6_4.pdf, id=287, 845.04686pt x 597.50786pt>
File: figures/Anurug rf6_4.pdf Graphic file (type pdf)
<use figures/Anurug rf6_4.pdf>
Package pdftex.def Info: figures/Anurug rf6_4.pdf  used on input line 713.
(pdftex.def)             Requested size: 362.37569pt x 256.22134pt.


[20 <./figures/Anurug rf6_3.pdf>]
f:/Github/AWR-tutrial-notes/AWR tutrial.tex:740: Undefined control sequence.
l.740 \textbd
             {Component tolerence}
The control sequence at the end of the top line
of your error message was never \def'ed. If you have
misspelled it (e.g., `\hobx'), type `I' and the correct
spelling (e.g., `I\hbox'). Otherwise just continue,
and I'll forget about whatever was undefined.

f:/Github/AWR-tutrial-notes/AWR tutrial.tex:741: Undefined control sequence.
<argument> ...esign have a tolerance of $+ or - \2
                                                  \%$ more or less 
l.741 ...lerance of  $+ or - \2\%$  more or less }
                                                  
The control sequence at the end of the top line
of your error message was never \def'ed. If you have
misspelled it (e.g., `\hobx'), type `I' and the correct
spelling (e.g., `I\hbox'). Otherwise just continue,
and I'll forget about whatever was undefined.

f:/Github/AWR-tutrial-notes/AWR tutrial.tex:742: Undefined control sequence.
l.742 ...lues on one  curve  which represent  $ \5
                                                  \%$ change between the oth...
The control sequence at the end of the top line
of your error message was never \def'ed. If you have
misspelled it (e.g., `\hobx'), type `I' and the correct
spelling (e.g., `I\hbox'). Otherwise just continue,
and I'll forget about whatever was undefined.

f:/Github/AWR-tutrial-notes/AWR tutrial.tex:833: Misplaced alignment tab character &.
l.833     \item LNA Theory &
                             Fundamentals - Quick Review
I can't figure out why you would want to use a tab mark
here. If you just want an ampersand, the remedy is
simple: Just type `I\&' now. But if some right brace
up above has ended a previous alignment prematurely,
you're probably due for more error messages, and you
might try typing `S' now just to see what is salvageable.

f:/Github/AWR-tutrial-notes/AWR tutrial.tex:843: Misplaced alignment tab character &.
l.843 ...h other design goals such as power gain &
                                                   impedance matching.
I can't figure out why you would want to use a tab mark
here. If you just want an ampersand, the remedy is
simple: Just type `I\&' now. But if some right brace
up above has ended a previous alignment prematurely,
you're probably due for more error messages, and you
might try typing `S' now just to see what is salvageable.

<figures/Noise1.pdf, id=298, 833.36337pt x 528.58551pt>
File: figures/Noise1.pdf Graphic file (type pdf)
<use figures/Noise1.pdf>
Package pdftex.def Info: figures/Noise1.pdf  used on input line 864.
(pdftex.def)             Requested size: 362.37569pt x 229.85217pt.


[21 <./figures/Anurug rf6_4.pdf>]

LaTeX Warning: Citation `paper_2' on page 22 undefined on input line 880.

(AWR tutrial.bbl)

[22 <./figures/Noise1.pdf>] (AWR tutrial.aux)
 ***********
LaTeX2e <2024-06-01> patch level 2
L3 programming layer <2024-05-27>
 ***********


LaTeX Warning: There were undefined references.


LaTeX Warning: There were multiply-defined labels.

Package rerunfilecheck Info: File `"AWR tutrial".out' has not changed.
(rerunfilecheck)             Checksum: 33648C2C4981E1C26305BCE7FDBEB436;2007.
 ) 
Here is how much of TeX's memory you used:
 14682 strings out of 473904
 250822 string characters out of 5736415
 1940908 words of memory out of 5000000
 37292 multiletter control sequences out of 15000+600000
 612577 words of font info for 68 fonts, out of 8000000 for 9000
 1141 hyphenation exceptions out of 8191
 75i,7n,79p,796b,545s stack positions out of 10000i,1000n,20000p,200000b,200000s
<C:/Program Files/MiKTeX/fonts/type1/public/lm/lmbx10.pfb><C:/Program Files/MiKTeX/fonts/type1/public/lm/lmbx12.pfb><C:/Program Files/MiKTeX/fonts/type1/public/lm/lmbx9.pfb><C:/Program Files/MiKTeX/fonts/type1/public/lm/lmmi10.pfb><C:/Program Files/MiKTeX/fonts/type1/public/lm/lmmi7.pfb><C:/Program Files/MiKTeX/fonts/type1/public/lm/lmr10.pfb><C:/Program Files/MiKTeX/fonts/type1/public/lm/lmr12.pfb><C:/Program Files/MiKTeX/fonts/type1/public/lm/lmr17.pfb><C:/Program Files/MiKTeX/fonts/type1/public/lm/lmr7.pfb><C:/Program Files/MiKTeX/fonts/type1/public/lm/lmr9.pfb><C:/Program Files/MiKTeX/fonts/type1/public/lm/lmri10.pfb><C:/Program Files/MiKTeX/fonts/type1/public/lm/lmsy10.pfb><C:/Program Files/MiKTeX/fonts/type1/public/lm/lmtt10.pfb>
Output written on "AWR tutrial.pdf" (22 pages, 13798394 bytes).
PDF statistics:
 411 PDF objects out of 1000 (max. 8388607)
 59 named destinations out of 1000 (max. 500000)
 176 words of extra memory for PDF output out of 10000 (max. 10000000)

